{
"contracts/Lottery.sol":{"l":{"65":3,"66":3,"67":3,"68":3,"69":3,"70":3,"71":3,"72":3,"77":5,"78":1,"80":4,"81":1,"83":3,"86":3,"102":1,"103":1,"104":1,"105":1,"113":1,"114":1,"115":0,"121":1,"122":1,"129":1,"139":0,"140":0,"141":0,"142":0,"143":0,"144":0,"145":0,"147":0,"148":0,"150":0,"155":5,"159":1,"163":0,"167":1,"171":0,"175":0,"179":0,"183":0,"187":5},"path":"/home/carredo/freeCodeCamp/hardhat-smartcontract-lottery-fcc/contracts/Lottery.sol","s":{"1":5,"2":4,"3":3,"4":3,"5":1,"6":1,"7":1,"8":1,"9":1,"10":1,"11":1,"12":1,"13":0,"14":0,"15":0,"16":0,"17":0,"18":5,"19":1,"20":0,"21":1,"22":0,"23":0,"24":0,"25":0,"26":5},"b":{"1":[1,4],"2":[1,3],"3":[0,1],"4":[0,0]},"f":{"1":3,"2":5,"3":1,"4":1,"5":0,"6":5,"7":1,"8":0,"9":1,"10":0,"11":0,"12":0,"13":0,"14":5},"fnMap":{"1":{"name":"constructor","line":64,"loc":{"start":{"line":57,"column":4},"end":{"line":73,"column":4}}},"2":{"name":"enterLottery","line":75,"loc":{"start":{"line":75,"column":4},"end":{"line":87,"column":4}}},"3":{"name":"checkUpkeep","line":98,"loc":{"start":{"line":98,"column":4},"end":{"line":107,"column":4}}},"4":{"name":"performUpkeep","line":109,"loc":{"start":{"line":109,"column":4},"end":{"line":130,"column":4}}},"5":{"name":"fulfillRandomWords","line":132,"loc":{"start":{"line":132,"column":4},"end":{"line":151,"column":4}}},"6":{"name":"getEntranceFee","line":154,"loc":{"start":{"line":154,"column":4},"end":{"line":156,"column":4}}},"7":{"name":"getPlayer","line":158,"loc":{"start":{"line":158,"column":4},"end":{"line":160,"column":4}}},"8":{"name":"getRecentWinner","line":162,"loc":{"start":{"line":162,"column":4},"end":{"line":164,"column":4}}},"9":{"name":"getLotteryState","line":166,"loc":{"start":{"line":166,"column":4},"end":{"line":168,"column":4}}},"10":{"name":"getNumWords","line":170,"loc":{"start":{"line":170,"column":4},"end":{"line":172,"column":4}}},"11":{"name":"getNumberOfPlayers","line":174,"loc":{"start":{"line":174,"column":4},"end":{"line":176,"column":4}}},"12":{"name":"getLatestTimeStamp","line":178,"loc":{"start":{"line":178,"column":4},"end":{"line":180,"column":4}}},"13":{"name":"getRequestConfirmations","line":182,"loc":{"start":{"line":182,"column":4},"end":{"line":184,"column":4}}},"14":{"name":"getInterval","line":186,"loc":{"start":{"line":186,"column":4},"end":{"line":188,"column":4}}}},"statementMap":{"1":{"start":{"line":77,"column":8},"end":{"line":77,"column":2743}},"2":{"start":{"line":80,"column":8},"end":{"line":80,"column":2845}},"3":{"start":{"line":83,"column":8},"end":{"line":83,"column":42}},"4":{"start":{"line":86,"column":8},"end":{"line":86,"column":37}},"5":{"start":{"line":102,"column":8},"end":{"line":102,"column":80}},"6":{"start":{"line":103,"column":8},"end":{"line":103,"column":48}},"7":{"start":{"line":104,"column":8},"end":{"line":104,"column":51}},"8":{"start":{"line":105,"column":8},"end":{"line":105,"column":59}},"9":{"start":{"line":113,"column":8},"end":{"line":113,"column":47}},"10":{"start":{"line":114,"column":8},"end":{"line":114,"column":4397}},"11":{"start":{"line":122,"column":8},"end":{"line":122,"column":4661}},"12":{"start":{"line":129,"column":8},"end":{"line":129,"column":46}},"13":{"start":{"line":139,"column":8},"end":{"line":139,"column":65}},"14":{"start":{"line":140,"column":8},"end":{"line":140,"column":63}},"15":{"start":{"line":145,"column":8},"end":{"line":145,"column":78}},"16":{"start":{"line":147,"column":8},"end":{"line":147,"column":5571}},"17":{"start":{"line":150,"column":8},"end":{"line":150,"column":39}},"18":{"start":{"line":155,"column":8},"end":{"line":155,"column":28}},"19":{"start":{"line":159,"column":8},"end":{"line":159,"column":31}},"20":{"start":{"line":163,"column":8},"end":{"line":163,"column":29}},"21":{"start":{"line":167,"column":8},"end":{"line":167,"column":29}},"22":{"start":{"line":171,"column":8},"end":{"line":171,"column":24}},"23":{"start":{"line":175,"column":8},"end":{"line":175,"column":31}},"24":{"start":{"line":179,"column":8},"end":{"line":179,"column":30}},"25":{"start":{"line":183,"column":8},"end":{"line":183,"column":36}},"26":{"start":{"line":187,"column":8},"end":{"line":187,"column":29}}},"branchMap":{"1":{"line":77,"type":"if","locations":[{"start":{"line":77,"column":8},"end":{"line":77,"column":8}},{"start":{"line":77,"column":8},"end":{"line":77,"column":8}}]},"2":{"line":80,"type":"if","locations":[{"start":{"line":80,"column":8},"end":{"line":80,"column":8}},{"start":{"line":80,"column":8},"end":{"line":80,"column":8}}]},"3":{"line":114,"type":"if","locations":[{"start":{"line":114,"column":8},"end":{"line":114,"column":8}},{"start":{"line":114,"column":8},"end":{"line":114,"column":8}}]},"4":{"line":147,"type":"if","locations":[{"start":{"line":147,"column":8},"end":{"line":147,"column":8}},{"start":{"line":147,"column":8},"end":{"line":147,"column":8}}]}}},
"contracts/mocks/VRFCoordinatorV2Mock.sol":{"l":{},"path":"/home/carredo/freeCodeCamp/hardhat-smartcontract-lottery-fcc/contracts/mocks/VRFCoordinatorV2Mock.sol","s":{},"b":{},"f":{},"fnMap":{},"statementMap":{},"branchMap":{}}}
