TN:
SF:/home/carredo/freeCodeCamp/hardhat-smartcontract-lottery-fcc/contracts/Lottery.sol
FN:64,constructor
FN:75,enterLottery
FN:98,checkUpkeep
FN:109,performUpkeep
FN:132,fulfillRandomWords
FN:154,getEntranceFee
FN:158,getPlayer
FN:162,getRecentWinner
FN:166,getLotteryState
FN:170,getNumWords
FN:174,getNumberOfPlayers
FN:178,getLatestTimeStamp
FN:182,getRequestConfirmations
FN:186,getInterval
FNF:14
FNH:8
FNDA:3,constructor
FNDA:5,enterLottery
FNDA:1,checkUpkeep
FNDA:1,performUpkeep
FNDA:0,fulfillRandomWords
FNDA:5,getEntranceFee
FNDA:1,getPlayer
FNDA:0,getRecentWinner
FNDA:1,getLotteryState
FNDA:0,getNumWords
FNDA:0,getNumberOfPlayers
FNDA:0,getLatestTimeStamp
FNDA:0,getRequestConfirmations
FNDA:5,getInterval
DA:65,3
DA:66,3
DA:67,3
DA:68,3
DA:69,3
DA:70,3
DA:71,3
DA:72,3
DA:77,5
DA:78,1
DA:80,4
DA:81,1
DA:83,3
DA:86,3
DA:102,1
DA:103,1
DA:104,1
DA:105,1
DA:113,1
DA:114,1
DA:115,0
DA:121,1
DA:122,1
DA:129,1
DA:139,0
DA:140,0
DA:141,0
DA:142,0
DA:143,0
DA:144,0
DA:145,0
DA:147,0
DA:148,0
DA:150,0
DA:155,5
DA:159,1
DA:163,0
DA:167,1
DA:171,0
DA:175,0
DA:179,0
DA:183,0
DA:187,5
LF:43
LH:27
BRDA:77,1,0,1
BRDA:77,1,1,4
BRDA:80,2,0,1
BRDA:80,2,1,3
BRDA:114,3,0,0
BRDA:114,3,1,1
BRDA:147,4,0,0
BRDA:147,4,1,0
BRF:8
BRH:5
end_of_record
TN:
SF:/home/carredo/freeCodeCamp/hardhat-smartcontract-lottery-fcc/contracts/mocks/VRFCoordinatorV2Mock.sol
FNF:0
FNH:0
LF:0
LH:0
BRF:0
BRH:0
end_of_record
